================================================================================
wrong hexdigits
================================================================================

A/F
A-F
A,F
a.f
A:F
A::F
f.B
That's the diff.But
man-db:amd64
--------------------------------------------------------------------------------

(log_file
  (word)
  (word)
  (word)
  (word)
  (word)
  (word)
  (word)
  (word)
  (word)
  (word)
  (word)
  (word))

================================================================================
Single quote on windows
================================================================================

"
--------------------------------------------------------------------------------

(log_file
  (string_literal))
