E/Application: It crashed
32123213 2aef567 d333333333 d3333333333333333333333333333333
ef2222
2112133242_32213123 1000_000
ERROR, FAIL, FAILURE
WARN, WARNING
INFO, INFORMATION
DEBUG

error:
warning:
debug:
information:

[ERROR]
[eror]
[err]
[er]
[e]

[WARNING]
[warn]
[wrn]
[wn]
[w]

[INFORMATION]
[info]
[inf]
[in]
[i]


[DEBUG]
[dbug]
[dbg]
[de]
[d]

[VERBOSE]
[verb]
[vrb]
[vb]
[v]
---------------------------------------
error
eror
err
er
e

warning
warn
wrn
wn
w

information
info
inf
in
i

debug
dbug
dbg
de
d

verbose
verb
vrb
vb
v
